 [2022-06-09 10:21:03,041] [INFO] ajax_stream Tchaikovsky - Piano Concerto No.1 + Presentation (Century's record : Sviatoslav Richter / Mravinsky)
 [2022-06-09 11:26:06,490] [INFO] ajax_search 常磐シリーズ
 [2022-06-09 11:26:14,237] [INFO] ajax_stream 発車メロディー常磐1番～12番全集
 [2022-06-09 11:34:43,369] [INFO] ajax_search 常磐線　発車メロディ
 [2022-06-09 11:34:56,630] [INFO] ajax_stream 【祝!全線開通 2020年春バージョン】常磐線(上野東京ライン) 品川〜仙台 発車メロディー全集
 [2022-06-09 11:57:21,562] [INFO] ajax_stream JR東日本　常磐線快速　土浦→上野　発車メロディー
 [2022-06-09 12:03:44,280] [INFO] ajax_stream 【耳コピ】ピアノで常磐線 発車メロディ弾いてみた！上野ー水戸
 [2022-06-09 12:25:55,369] [INFO] ajax_search Altale ピアノ
 [2022-06-09 12:26:06,116] [INFO] ajax_stream 【Deemo】Altale 弾いてみた
 [2022-06-09 12:33:33,760] [INFO] ajax_stream 【楽譜】Altaleをピアノ独奏曲にしてみた。
 [2022-06-09 12:35:31,016] [INFO] ajax_search 楽興の時
 [2022-06-09 12:35:43,560] [INFO] ajax_stream 『シューベルト：楽興の時 ３番』（Schubert, Moments Musicaux D780 No.3）（ピアノ楽譜）
 [2022-06-09 12:40:03,717] [INFO] ajax_search ます　第3楽章
 [2022-06-09 12:40:29,720] [INFO] ajax_stream シューベルト：ピアノ五重奏曲 「ます」 より第3楽章
 [2022-06-09 12:40:58,624] [INFO] ajax_stream ピアノ・ソナタ 第8番「悲愴」 第3楽章（ベートーヴェン） Beethoven - Piano Sonata No.8 “Pathétique” 3rd Movement
 [2022-06-09 12:43:05,853] [INFO] ajax_stream シューベルト: ピアノ五重奏曲｢ます｣：第4楽章［ナクソス・クラシック・キュレーション #癒し］
 [2022-06-09 12:43:32,064] [INFO] ajax_search ます　第3楽章　ピアノ
 [2022-06-09 12:43:57,778] [INFO] ajax_search 春の歌　メンデルスゾーン
 [2022-06-09 12:44:11,096] [INFO] ajax_stream 春の歌（メンデルスゾーン）Mendelssohn - Lieder ohne Worte Op. 62 - No. 6 in A major - Spring Song
 [2022-06-09 12:44:24,543] [INFO] ajax_stream ■メンデルスゾーン 無言歌 「春の歌」/　近藤由貴　Yuki Kondo
 [2022-06-09 12:47:56,197] [INFO] ajax_search 山手線　発車メロディ
 [2022-06-09 12:48:18,073] [INFO] ajax_stream 【弾けたら楽しい！】JR山手線 発車メロディー集　楽譜無料
 [2022-06-09 12:48:57,892] [INFO] ajax_stream 品川駅ピアノで山手線の発車メロディを弾いたら周囲がニヤニヤした【全駅分】
 [2022-06-09 12:49:23,034] [INFO] ajax_search 山手線　発車メロディ
 [2022-06-09 12:54:41,170] [INFO] ajax_stream JR山手線　発車メロディ集【4K対応】
 [2022-06-10 12:55:45,456] [INFO] pytubeView Tchaikovsky: Piano Concerto No. 1, Richter & Karajan (1962) チャイコフスキー ピアノ協奏曲第1番 リヒテル＆カラヤン
 [2022-06-10 22:52:59,682] [INFO] ajax_search CanaCanaPiano
 [2022-06-10 22:53:21,051] [INFO] ajax_search CanaCanaPiano ラ　カンパネラ
 [2022-06-10 22:53:42,013] [INFO] ajax_search CanaCanaPiano ラ　月光
 [2022-06-10 22:53:51,366] [INFO] ajax_stream Beethoven - MoonLight Sonata 3rd Movement - classic piano tutorial - CANACANA
 [2022-06-10 22:56:52,511] [INFO] ajax_search CanaCanaPiano エリーゼのために
 [2022-06-10 22:56:58,259] [INFO] ajax_stream エリーゼのために/ベートーヴェン/Für Elise（For Elise)/Beethoven/ピアノ/Piano/弾いてみた/CANACANA
 [2022-06-10 22:57:03,003] [INFO] ajax_stream Für Elise - Beethoven - piano - CANACANA
